Making install in doc
make[1]: Entering directory '/home/oceanfish81/workarea/gollvm_1.15.2_ubuntu20_release/tools/gollvm/external/mpfr/doc'
make[2]: Entering directory '/home/oceanfish81/workarea/gollvm_1.15.2_ubuntu20_release/tools/gollvm/external/mpfr/doc'
make[2]: Nothing to be done for 'install-exec-am'.
 /usr/bin/mkdir -p '/home/oceanfish81/workarea/gollvm_1.15.2_ubuntu20_release/tools/gollvm/external/install/share/doc/mpfr'
 /usr/bin/install -c -m 644 FAQ.html '/home/oceanfish81/workarea/gollvm_1.15.2_ubuntu20_release/tools/gollvm/external/install/share/doc/mpfr'
 /usr/bin/mkdir -p '/home/oceanfish81/workarea/gollvm_1.15.2_ubuntu20_release/tools/gollvm/external/install/share/info'
 /usr/bin/install -c -m 644 ./mpfr.info '/home/oceanfish81/workarea/gollvm_1.15.2_ubuntu20_release/tools/gollvm/external/install/share/info'
 install-info --info-dir='/home/oceanfish81/workarea/gollvm_1.15.2_ubuntu20_release/tools/gollvm/external/install/share/info' '/home/oceanfish81/workarea/gollvm_1.15.2_ubuntu20_release/tools/gollvm/external/install/share/info/mpfr.info'
make[2]: Leaving directory '/home/oceanfish81/workarea/gollvm_1.15.2_ubuntu20_release/tools/gollvm/external/mpfr/doc'
make[1]: Leaving directory '/home/oceanfish81/workarea/gollvm_1.15.2_ubuntu20_release/tools/gollvm/external/mpfr/doc'
Making install in src
make[1]: Entering directory '/home/oceanfish81/workarea/gollvm_1.15.2_ubuntu20_release/tools/gollvm/external/mpfr/src'
make  install-am
make[2]: Entering directory '/home/oceanfish81/workarea/gollvm_1.15.2_ubuntu20_release/tools/gollvm/external/mpfr/src'
make[3]: Entering directory '/home/oceanfish81/workarea/gollvm_1.15.2_ubuntu20_release/tools/gollvm/external/mpfr/src'
 /usr/bin/mkdir -p '/home/oceanfish81/workarea/gollvm_1.15.2_ubuntu20_release/tools/gollvm/external/install/lib'
 /bin/bash ../libtool   --mode=install /usr/bin/install -c   libmpfr.la '/home/oceanfish81/workarea/gollvm_1.15.2_ubuntu20_release/tools/gollvm/external/install/lib'
libtool: install: /usr/bin/install -c .libs/libmpfr.so.4.1.4 /home/oceanfish81/workarea/gollvm_1.15.2_ubuntu20_release/tools/gollvm/external/install/lib/libmpfr.so.4.1.4
libtool: install: (cd /home/oceanfish81/workarea/gollvm_1.15.2_ubuntu20_release/tools/gollvm/external/install/lib && { ln -s -f libmpfr.so.4.1.4 libmpfr.so.4 || { rm -f libmpfr.so.4 && ln -s libmpfr.so.4.1.4 libmpfr.so.4; }; })
libtool: install: (cd /home/oceanfish81/workarea/gollvm_1.15.2_ubuntu20_release/tools/gollvm/external/install/lib && { ln -s -f libmpfr.so.4.1.4 libmpfr.so || { rm -f libmpfr.so && ln -s libmpfr.so.4.1.4 libmpfr.so; }; })
libtool: install: /usr/bin/install -c .libs/libmpfr.lai /home/oceanfish81/workarea/gollvm_1.15.2_ubuntu20_release/tools/gollvm/external/install/lib/libmpfr.la
libtool: install: /usr/bin/install -c .libs/libmpfr.a /home/oceanfish81/workarea/gollvm_1.15.2_ubuntu20_release/tools/gollvm/external/install/lib/libmpfr.a
libtool: install: chmod 644 /home/oceanfish81/workarea/gollvm_1.15.2_ubuntu20_release/tools/gollvm/external/install/lib/libmpfr.a
libtool: install: ranlib /home/oceanfish81/workarea/gollvm_1.15.2_ubuntu20_release/tools/gollvm/external/install/lib/libmpfr.a
libtool: finish: PATH="/usr/local/sbin:/usr/local/bin:/usr/sbin:/usr/bin:/sbin:/bin:/usr/games:/usr/local/games:/snap/bin:/sbin" ldconfig -n /home/oceanfish81/workarea/gollvm_1.15.2_ubuntu20_release/tools/gollvm/external/install/lib
----------------------------------------------------------------------
Libraries have been installed in:
   /home/oceanfish81/workarea/gollvm_1.15.2_ubuntu20_release/tools/gollvm/external/install/lib

If you ever happen to want to link against installed libraries
in a given directory, LIBDIR, you must either use libtool, and
specify the full pathname of the library, or use the '-LLIBDIR'
flag during linking and do at least one of the following:
   - add LIBDIR to the 'LD_LIBRARY_PATH' environment variable
     during execution
   - add LIBDIR to the 'LD_RUN_PATH' environment variable
     during linking
   - use the '-Wl,-rpath -Wl,LIBDIR' linker flag
   - have your system administrator add LIBDIR to '/etc/ld.so.conf'

See any operating system documentation about shared libraries for
more information, such as the ld(1) and ld.so(8) manual pages.
----------------------------------------------------------------------
 /usr/bin/mkdir -p '/home/oceanfish81/workarea/gollvm_1.15.2_ubuntu20_release/tools/gollvm/external/install/include'
 /usr/bin/install -c -m 644 mpfr.h mpf2mpfr.h '/home/oceanfish81/workarea/gollvm_1.15.2_ubuntu20_release/tools/gollvm/external/install/include'
make[3]: Leaving directory '/home/oceanfish81/workarea/gollvm_1.15.2_ubuntu20_release/tools/gollvm/external/mpfr/src'
make[2]: Leaving directory '/home/oceanfish81/workarea/gollvm_1.15.2_ubuntu20_release/tools/gollvm/external/mpfr/src'
make[1]: Leaving directory '/home/oceanfish81/workarea/gollvm_1.15.2_ubuntu20_release/tools/gollvm/external/mpfr/src'
Making install in tests
make[1]: Entering directory '/home/oceanfish81/workarea/gollvm_1.15.2_ubuntu20_release/tools/gollvm/external/mpfr/tests'
make[2]: Entering directory '/home/oceanfish81/workarea/gollvm_1.15.2_ubuntu20_release/tools/gollvm/external/mpfr/tests'
make[2]: Nothing to be done for 'install-exec-am'.
make[2]: Nothing to be done for 'install-data-am'.
make[2]: Leaving directory '/home/oceanfish81/workarea/gollvm_1.15.2_ubuntu20_release/tools/gollvm/external/mpfr/tests'
make[1]: Leaving directory '/home/oceanfish81/workarea/gollvm_1.15.2_ubuntu20_release/tools/gollvm/external/mpfr/tests'
Making install in tune
make[1]: Entering directory '/home/oceanfish81/workarea/gollvm_1.15.2_ubuntu20_release/tools/gollvm/external/mpfr/tune'
make[2]: Entering directory '/home/oceanfish81/workarea/gollvm_1.15.2_ubuntu20_release/tools/gollvm/external/mpfr/tune'
make[2]: Nothing to be done for 'install-exec-am'.
make[2]: Nothing to be done for 'install-data-am'.
make[2]: Leaving directory '/home/oceanfish81/workarea/gollvm_1.15.2_ubuntu20_release/tools/gollvm/external/mpfr/tune'
make[1]: Leaving directory '/home/oceanfish81/workarea/gollvm_1.15.2_ubuntu20_release/tools/gollvm/external/mpfr/tune'
make[1]: Entering directory '/home/oceanfish81/workarea/gollvm_1.15.2_ubuntu20_release/tools/gollvm/external/mpfr'
make[2]: Entering directory '/home/oceanfish81/workarea/gollvm_1.15.2_ubuntu20_release/tools/gollvm/external/mpfr'
make[2]: Nothing to be done for 'install-exec-am'.
 /usr/bin/mkdir -p '/home/oceanfish81/workarea/gollvm_1.15.2_ubuntu20_release/tools/gollvm/external/install/share/doc/mpfr'
 /usr/bin/mkdir -p '/home/oceanfish81/workarea/gollvm_1.15.2_ubuntu20_release/tools/gollvm/external/install/share/doc/mpfr/examples'
 /usr/bin/install -c -m 644  examples/ReadMe examples/divworst.c examples/rndo-add.c examples/sample.c examples/version.c '/home/oceanfish81/workarea/gollvm_1.15.2_ubuntu20_release/tools/gollvm/external/install/share/doc/mpfr/examples'
 /usr/bin/install -c -m 644  AUTHORS BUGS COPYING COPYING.LESSER NEWS TODO '/home/oceanfish81/workarea/gollvm_1.15.2_ubuntu20_release/tools/gollvm/external/install/share/doc/mpfr/.'
make[2]: Leaving directory '/home/oceanfish81/workarea/gollvm_1.15.2_ubuntu20_release/tools/gollvm/external/mpfr'
make[1]: Leaving directory '/home/oceanfish81/workarea/gollvm_1.15.2_ubuntu20_release/tools/gollvm/external/mpfr'
