clang-11: warning: argument unused during compilation: '-D HAVE_CONFIG_H' [-Wunused-command-line-argument]
clang-11: warning: argument unused during compilation: '-D __GMP_WITHIN_GMP' [-Wunused-command-line-argument]
clang-11: warning: argument unused during compilation: '-D OPERATION_invert_limb_table' [-Wunused-command-line-argument]
clang-11: warning: argument unused during compilation: '-D PIC' [-Wunused-command-line-argument]
clang-11: warning: argument unused during compilation: '-D PIC' [-Wunused-command-line-argument]
clang-11: warning: argument unused during compilation: '-D HAVE_CONFIG_H' [-Wunused-command-line-argument]
clang-11: warning: argument unused during compilation: '-D __GMP_WITHIN_GMP' [-Wunused-command-line-argument]
clang-11: warning: argument unused during compilation: '-D OPERATION_add_n' [-Wunused-command-line-argument]
clang-11: warning: argument unused during compilation: '-D PIC' [-Wunused-command-line-argument]
clang-11: warning: argument unused during compilation: '-D PIC' [-Wunused-command-line-argument]
clang-11: warning: argument unused during compilation: '-D HAVE_CONFIG_H' [-Wunused-command-line-argument]
clang-11: warning: argument unused during compilation: '-D __GMP_WITHIN_GMP' [-Wunused-command-line-argument]
clang-11: warning: argument unused during compilation: '-D OPERATION_sub_n' [-Wunused-command-line-argument]
clang-11: warning: argument unused during compilation: '-D PIC' [-Wunused-command-line-argument]
clang-11: warning: argument unused during compilation: '-D PIC' [-Wunused-command-line-argument]
clang-11: warning: argument unused during compilation: '-D HAVE_CONFIG_H' [-Wunused-command-line-argument]
clang-11: warning: argument unused during compilation: '-D __GMP_WITHIN_GMP' [-Wunused-command-line-argument]
clang-11: warning: argument unused during compilation: '-D OPERATION_cnd_add_n' [-Wunused-command-line-argument]
clang-11: warning: argument unused during compilation: '-D PIC' [-Wunused-command-line-argument]
clang-11: warning: argument unused during compilation: '-D PIC' [-Wunused-command-line-argument]
clang-11: warning: argument unused during compilation: '-D HAVE_CONFIG_H' [-Wunused-command-line-argument]
clang-11: warning: argument unused during compilation: '-D __GMP_WITHIN_GMP' [-Wunused-command-line-argument]
clang-11: warning: argument unused during compilation: '-D OPERATION_cnd_sub_n' [-Wunused-command-line-argument]
clang-11: warning: argument unused during compilation: '-D PIC' [-Wunused-command-line-argument]
clang-11: warning: argument unused during compilation: '-D PIC' [-Wunused-command-line-argument]
clang-11: warning: argument unused during compilation: '-D HAVE_CONFIG_H' [-Wunused-command-line-argument]
clang-11: warning: argument unused during compilation: '-D __GMP_WITHIN_GMP' [-Wunused-command-line-argument]
clang-11: warning: argument unused during compilation: '-D OPERATION_com' [-Wunused-command-line-argument]
clang-11: warning: argument unused during compilation: '-D PIC' [-Wunused-command-line-argument]
clang-11: warning: argument unused during compilation: '-D PIC' [-Wunused-command-line-argument]
clang-11: warning: argument unused during compilation: '-D HAVE_CONFIG_H' [-Wunused-command-line-argument]
clang-11: warning: argument unused during compilation: '-D __GMP_WITHIN_GMP' [-Wunused-command-line-argument]
clang-11: warning: argument unused during compilation: '-D OPERATION_mul_1' [-Wunused-command-line-argument]
clang-11: warning: argument unused during compilation: '-D PIC' [-Wunused-command-line-argument]
clang-11: warning: argument unused during compilation: '-D PIC' [-Wunused-command-line-argument]
clang-11: warning: argument unused during compilation: '-D HAVE_CONFIG_H' [-Wunused-command-line-argument]
clang-11: warning: argument unused during compilation: '-D __GMP_WITHIN_GMP' [-Wunused-command-line-argument]
clang-11: warning: argument unused during compilation: '-D OPERATION_addmul_1' [-Wunused-command-line-argument]
clang-11: warning: argument unused during compilation: '-D PIC' [-Wunused-command-line-argument]
clang-11: warning: argument unused during compilation: '-D PIC' [-Wunused-command-line-argument]
clang-11: warning: argument unused during compilation: '-D HAVE_CONFIG_H' [-Wunused-command-line-argument]
clang-11: warning: argument unused during compilation: '-D __GMP_WITHIN_GMP' [-Wunused-command-line-argument]
clang-11: warning: argument unused during compilation: '-D OPERATION_submul_1' [-Wunused-command-line-argument]
clang-11: warning: argument unused during compilation: '-D PIC' [-Wunused-command-line-argument]
clang-11: warning: argument unused during compilation: '-D PIC' [-Wunused-command-line-argument]
clang-11: warning: argument unused during compilation: '-D HAVE_CONFIG_H' [-Wunused-command-line-argument]
clang-11: warning: argument unused during compilation: '-D __GMP_WITHIN_GMP' [-Wunused-command-line-argument]
clang-11: warning: argument unused during compilation: '-D OPERATION_add_err1_n' [-Wunused-command-line-argument]
clang-11: warning: argument unused during compilation: '-D PIC' [-Wunused-command-line-argument]
clang-11: warning: argument unused during compilation: '-D PIC' [-Wunused-command-line-argument]
clang-11: warning: argument unused during compilation: '-D HAVE_CONFIG_H' [-Wunused-command-line-argument]
clang-11: warning: argument unused during compilation: '-D __GMP_WITHIN_GMP' [-Wunused-command-line-argument]
clang-11: warning: argument unused during compilation: '-D OPERATION_add_err2_n' [-Wunused-command-line-argument]
clang-11: warning: argument unused during compilation: '-D PIC' [-Wunused-command-line-argument]
clang-11: warning: argument unused during compilation: '-D PIC' [-Wunused-command-line-argument]
clang-11: warning: argument unused during compilation: '-D HAVE_CONFIG_H' [-Wunused-command-line-argument]
clang-11: warning: argument unused during compilation: '-D __GMP_WITHIN_GMP' [-Wunused-command-line-argument]
clang-11: warning: argument unused during compilation: '-D OPERATION_add_err3_n' [-Wunused-command-line-argument]
clang-11: warning: argument unused during compilation: '-D PIC' [-Wunused-command-line-argument]
clang-11: warning: argument unused during compilation: '-D PIC' [-Wunused-command-line-argument]
clang-11: warning: argument unused during compilation: '-D HAVE_CONFIG_H' [-Wunused-command-line-argument]
clang-11: warning: argument unused during compilation: '-D __GMP_WITHIN_GMP' [-Wunused-command-line-argument]
clang-11: warning: argument unused during compilation: '-D OPERATION_sub_err1_n' [-Wunused-command-line-argument]
clang-11: warning: argument unused during compilation: '-D PIC' [-Wunused-command-line-argument]
clang-11: warning: argument unused during compilation: '-D PIC' [-Wunused-command-line-argument]
clang-11: warning: argument unused during compilation: '-D HAVE_CONFIG_H' [-Wunused-command-line-argument]
clang-11: warning: argument unused during compilation: '-D __GMP_WITHIN_GMP' [-Wunused-command-line-argument]
clang-11: warning: argument unused during compilation: '-D OPERATION_sub_err2_n' [-Wunused-command-line-argument]
clang-11: warning: argument unused during compilation: '-D PIC' [-Wunused-command-line-argument]
clang-11: warning: argument unused during compilation: '-D PIC' [-Wunused-command-line-argument]
clang-11: warning: argument unused during compilation: '-D HAVE_CONFIG_H' [-Wunused-command-line-argument]
clang-11: warning: argument unused during compilation: '-D __GMP_WITHIN_GMP' [-Wunused-command-line-argument]
clang-11: warning: argument unused during compilation: '-D OPERATION_sub_err3_n' [-Wunused-command-line-argument]
clang-11: warning: argument unused during compilation: '-D PIC' [-Wunused-command-line-argument]
clang-11: warning: argument unused during compilation: '-D PIC' [-Wunused-command-line-argument]
clang-11: warning: argument unused during compilation: '-D HAVE_CONFIG_H' [-Wunused-command-line-argument]
clang-11: warning: argument unused during compilation: '-D __GMP_WITHIN_GMP' [-Wunused-command-line-argument]
clang-11: warning: argument unused during compilation: '-D OPERATION_lshift' [-Wunused-command-line-argument]
clang-11: warning: argument unused during compilation: '-D PIC' [-Wunused-command-line-argument]
clang-11: warning: argument unused during compilation: '-D PIC' [-Wunused-command-line-argument]
clang-11: warning: argument unused during compilation: '-D HAVE_CONFIG_H' [-Wunused-command-line-argument]
clang-11: warning: argument unused during compilation: '-D __GMP_WITHIN_GMP' [-Wunused-command-line-argument]
clang-11: warning: argument unused during compilation: '-D OPERATION_rshift' [-Wunused-command-line-argument]
clang-11: warning: argument unused during compilation: '-D PIC' [-Wunused-command-line-argument]
clang-11: warning: argument unused during compilation: '-D PIC' [-Wunused-command-line-argument]
clang-11: warning: argument unused during compilation: '-D HAVE_CONFIG_H' [-Wunused-command-line-argument]
clang-11: warning: argument unused during compilation: '-D __GMP_WITHIN_GMP' [-Wunused-command-line-argument]
clang-11: warning: argument unused during compilation: '-D OPERATION_dive_1' [-Wunused-command-line-argument]
clang-11: warning: argument unused during compilation: '-D PIC' [-Wunused-command-line-argument]
clang-11: warning: argument unused during compilation: '-D PIC' [-Wunused-command-line-argument]
clang-11: warning: argument unused during compilation: '-D HAVE_CONFIG_H' [-Wunused-command-line-argument]
clang-11: warning: argument unused during compilation: '-D __GMP_WITHIN_GMP' [-Wunused-command-line-argument]
clang-11: warning: argument unused during compilation: '-D OPERATION_divrem_1' [-Wunused-command-line-argument]
clang-11: warning: argument unused during compilation: '-D PIC' [-Wunused-command-line-argument]
clang-11: warning: argument unused during compilation: '-D PIC' [-Wunused-command-line-argument]
clang-11: warning: argument unused during compilation: '-D HAVE_CONFIG_H' [-Wunused-command-line-argument]
clang-11: warning: argument unused during compilation: '-D __GMP_WITHIN_GMP' [-Wunused-command-line-argument]
clang-11: warning: argument unused during compilation: '-D OPERATION_divrem_2' [-Wunused-command-line-argument]
clang-11: warning: argument unused during compilation: '-D PIC' [-Wunused-command-line-argument]
clang-11: warning: argument unused during compilation: '-D PIC' [-Wunused-command-line-argument]
clang-11: warning: argument unused during compilation: '-D HAVE_CONFIG_H' [-Wunused-command-line-argument]
clang-11: warning: argument unused during compilation: '-D __GMP_WITHIN_GMP' [-Wunused-command-line-argument]
clang-11: warning: argument unused during compilation: '-D OPERATION_mod_34lsub1' [-Wunused-command-line-argument]
clang-11: warning: argument unused during compilation: '-D PIC' [-Wunused-command-line-argument]
clang-11: warning: argument unused during compilation: '-D PIC' [-Wunused-command-line-argument]
clang-11: warning: argument unused during compilation: '-D HAVE_CONFIG_H' [-Wunused-command-line-argument]
clang-11: warning: argument unused during compilation: '-D __GMP_WITHIN_GMP' [-Wunused-command-line-argument]
clang-11: warning: argument unused during compilation: '-D OPERATION_mode1o' [-Wunused-command-line-argument]
clang-11: warning: argument unused during compilation: '-D PIC' [-Wunused-command-line-argument]
clang-11: warning: argument unused during compilation: '-D PIC' [-Wunused-command-line-argument]
clang-11: warning: argument unused during compilation: '-D HAVE_CONFIG_H' [-Wunused-command-line-argument]
clang-11: warning: argument unused during compilation: '-D __GMP_WITHIN_GMP' [-Wunused-command-line-argument]
clang-11: warning: argument unused during compilation: '-D OPERATION_mod_1_1' [-Wunused-command-line-argument]
clang-11: warning: argument unused during compilation: '-D PIC' [-Wunused-command-line-argument]
clang-11: warning: argument unused during compilation: '-D PIC' [-Wunused-command-line-argument]
clang-11: warning: argument unused during compilation: '-D HAVE_CONFIG_H' [-Wunused-command-line-argument]
clang-11: warning: argument unused during compilation: '-D __GMP_WITHIN_GMP' [-Wunused-command-line-argument]
clang-11: warning: argument unused during compilation: '-D OPERATION_mod_1_2' [-Wunused-command-line-argument]
clang-11: warning: argument unused during compilation: '-D PIC' [-Wunused-command-line-argument]
clang-11: warning: argument unused during compilation: '-D PIC' [-Wunused-command-line-argument]
clang-11: warning: argument unused during compilation: '-D HAVE_CONFIG_H' [-Wunused-command-line-argument]
clang-11: warning: argument unused during compilation: '-D __GMP_WITHIN_GMP' [-Wunused-command-line-argument]
clang-11: warning: argument unused during compilation: '-D OPERATION_mod_1_4' [-Wunused-command-line-argument]
clang-11: warning: argument unused during compilation: '-D PIC' [-Wunused-command-line-argument]
clang-11: warning: argument unused during compilation: '-D PIC' [-Wunused-command-line-argument]
clang-11: warning: argument unused during compilation: '-D HAVE_CONFIG_H' [-Wunused-command-line-argument]
clang-11: warning: argument unused during compilation: '-D __GMP_WITHIN_GMP' [-Wunused-command-line-argument]
clang-11: warning: argument unused during compilation: '-D OPERATION_lshiftc' [-Wunused-command-line-argument]
clang-11: warning: argument unused during compilation: '-D PIC' [-Wunused-command-line-argument]
clang-11: warning: argument unused during compilation: '-D PIC' [-Wunused-command-line-argument]
clang-11: warning: argument unused during compilation: '-D HAVE_CONFIG_H' [-Wunused-command-line-argument]
clang-11: warning: argument unused during compilation: '-D __GMP_WITHIN_GMP' [-Wunused-command-line-argument]
clang-11: warning: argument unused during compilation: '-D OPERATION_mul_basecase' [-Wunused-command-line-argument]
clang-11: warning: argument unused during compilation: '-D PIC' [-Wunused-command-line-argument]
clang-11: warning: argument unused during compilation: '-D PIC' [-Wunused-command-line-argument]
clang-11: warning: argument unused during compilation: '-D HAVE_CONFIG_H' [-Wunused-command-line-argument]
clang-11: warning: argument unused during compilation: '-D __GMP_WITHIN_GMP' [-Wunused-command-line-argument]
clang-11: warning: argument unused during compilation: '-D OPERATION_sqr_basecase' [-Wunused-command-line-argument]
clang-11: warning: argument unused during compilation: '-D PIC' [-Wunused-command-line-argument]
clang-11: warning: argument unused during compilation: '-D PIC' [-Wunused-command-line-argument]
clang-11: warning: argument unused during compilation: '-D HAVE_CONFIG_H' [-Wunused-command-line-argument]
clang-11: warning: argument unused during compilation: '-D __GMP_WITHIN_GMP' [-Wunused-command-line-argument]
clang-11: warning: argument unused during compilation: '-D OPERATION_popcount' [-Wunused-command-line-argument]
clang-11: warning: argument unused during compilation: '-D PIC' [-Wunused-command-line-argument]
clang-11: warning: argument unused during compilation: '-D PIC' [-Wunused-command-line-argument]
clang-11: warning: argument unused during compilation: '-D HAVE_CONFIG_H' [-Wunused-command-line-argument]
clang-11: warning: argument unused during compilation: '-D __GMP_WITHIN_GMP' [-Wunused-command-line-argument]
clang-11: warning: argument unused during compilation: '-D OPERATION_hamdist' [-Wunused-command-line-argument]
clang-11: warning: argument unused during compilation: '-D PIC' [-Wunused-command-line-argument]
clang-11: warning: argument unused during compilation: '-D PIC' [-Wunused-command-line-argument]
clang-11: warning: argument unused during compilation: '-D HAVE_CONFIG_H' [-Wunused-command-line-argument]
clang-11: warning: argument unused during compilation: '-D __GMP_WITHIN_GMP' [-Wunused-command-line-argument]
clang-11: warning: argument unused during compilation: '-D OPERATION_gcd_1' [-Wunused-command-line-argument]
clang-11: warning: argument unused during compilation: '-D PIC' [-Wunused-command-line-argument]
clang-11: warning: argument unused during compilation: '-D PIC' [-Wunused-command-line-argument]
clang-11: warning: argument unused during compilation: '-D HAVE_CONFIG_H' [-Wunused-command-line-argument]
clang-11: warning: argument unused during compilation: '-D __GMP_WITHIN_GMP' [-Wunused-command-line-argument]
clang-11: warning: argument unused during compilation: '-D OPERATION_mullo_basecase' [-Wunused-command-line-argument]
clang-11: warning: argument unused during compilation: '-D PIC' [-Wunused-command-line-argument]
clang-11: warning: argument unused during compilation: '-D PIC' [-Wunused-command-line-argument]
toom_interpolate_5pts.c:71:19: warning: expression result unused [-Wunused-value]
  ASSERT_NOCARRY (mpn_divexact_by3 (v2, v2, kk1));    /* v2 <- v2 / 3 */
  ~~~~~~~~~~~~~~~~^~~~~~~~~~~~~~~~~~~~~~~~~~~~~~~
/home/oceanfish81/workarea/gollvm_1.15.2_ubuntu20_release/tools/gollvm/external/gmp/gmp-impl.h:1619:6: note: expanded from macro 'mpn_divexact_by3'
  (3 & mpn_bdiv_dbm1 (dst, src, size, __GMP_CAST (mp_limb_t, GMP_NUMB_MASK / 3)))
   ~ ^
/home/oceanfish81/workarea/gollvm_1.15.2_ubuntu20_release/tools/gollvm/external/gmp/gmp-impl.h:2410:33: note: expanded from macro 'ASSERT_NOCARRY'
#define ASSERT_NOCARRY(expr)   (expr)
                                ^~~~
1 warning generated.
toom_interpolate_8pts.c:164:18: warning: expression result unused [-Wunused-value]
  ASSERT_NOCARRY(mpn_divexact_by3 (r5, r5, 3 * n + 1));
  ~~~~~~~~~~~~~~~^~~~~~~~~~~~~~~~~~~~~~~~~~~~~~~~~~~~~
/home/oceanfish81/workarea/gollvm_1.15.2_ubuntu20_release/tools/gollvm/external/gmp/gmp-impl.h:1619:6: note: expanded from macro 'mpn_divexact_by3'
  (3 & mpn_bdiv_dbm1 (dst, src, size, __GMP_CAST (mp_limb_t, GMP_NUMB_MASK / 3)))
   ~ ^
/home/oceanfish81/workarea/gollvm_1.15.2_ubuntu20_release/tools/gollvm/external/gmp/gmp-impl.h:2410:33: note: expanded from macro 'ASSERT_NOCARRY'
#define ASSERT_NOCARRY(expr)   (expr)
                                ^~~~
1 warning generated.
clang-11: warning: argument unused during compilation: '-D HAVE_CONFIG_H' [-Wunused-command-line-argument]
clang-11: warning: argument unused during compilation: '-D __GMP_WITHIN_GMP' [-Wunused-command-line-argument]
clang-11: warning: argument unused during compilation: '-D OPERATION_div_qr_1n_pi1' [-Wunused-command-line-argument]
clang-11: warning: argument unused during compilation: '-D PIC' [-Wunused-command-line-argument]
clang-11: warning: argument unused during compilation: '-D PIC' [-Wunused-command-line-argument]
clang-11: warning: argument unused during compilation: '-D HAVE_CONFIG_H' [-Wunused-command-line-argument]
clang-11: warning: argument unused during compilation: '-D __GMP_WITHIN_GMP' [-Wunused-command-line-argument]
clang-11: warning: argument unused during compilation: '-D OPERATION_div_qr_2n_pi1' [-Wunused-command-line-argument]
clang-11: warning: argument unused during compilation: '-D PIC' [-Wunused-command-line-argument]
clang-11: warning: argument unused during compilation: '-D PIC' [-Wunused-command-line-argument]
clang-11: warning: argument unused during compilation: '-D HAVE_CONFIG_H' [-Wunused-command-line-argument]
clang-11: warning: argument unused during compilation: '-D __GMP_WITHIN_GMP' [-Wunused-command-line-argument]
clang-11: warning: argument unused during compilation: '-D OPERATION_div_qr_2u_pi1' [-Wunused-command-line-argument]
clang-11: warning: argument unused during compilation: '-D PIC' [-Wunused-command-line-argument]
clang-11: warning: argument unused during compilation: '-D PIC' [-Wunused-command-line-argument]
clang-11: warning: argument unused during compilation: '-D HAVE_CONFIG_H' [-Wunused-command-line-argument]
clang-11: warning: argument unused during compilation: '-D __GMP_WITHIN_GMP' [-Wunused-command-line-argument]
clang-11: warning: argument unused during compilation: '-D OPERATION_bdiv_q_1' [-Wunused-command-line-argument]
clang-11: warning: argument unused during compilation: '-D PIC' [-Wunused-command-line-argument]
clang-11: warning: argument unused during compilation: '-D PIC' [-Wunused-command-line-argument]
clang-11: warning: argument unused during compilation: '-D HAVE_CONFIG_H' [-Wunused-command-line-argument]
clang-11: warning: argument unused during compilation: '-D __GMP_WITHIN_GMP' [-Wunused-command-line-argument]
clang-11: warning: argument unused during compilation: '-D OPERATION_bdiv_dbm1c' [-Wunused-command-line-argument]
clang-11: warning: argument unused during compilation: '-D PIC' [-Wunused-command-line-argument]
clang-11: warning: argument unused during compilation: '-D PIC' [-Wunused-command-line-argument]
clang-11: warning: argument unused during compilation: '-D HAVE_CONFIG_H' [-Wunused-command-line-argument]
clang-11: warning: argument unused during compilation: '-D __GMP_WITHIN_GMP' [-Wunused-command-line-argument]
clang-11: warning: argument unused during compilation: '-D OPERATION_redc_1' [-Wunused-command-line-argument]
clang-11: warning: argument unused during compilation: '-D PIC' [-Wunused-command-line-argument]
clang-11: warning: argument unused during compilation: '-D PIC' [-Wunused-command-line-argument]
clang-11: warning: argument unused during compilation: '-D HAVE_CONFIG_H' [-Wunused-command-line-argument]
clang-11: warning: argument unused during compilation: '-D __GMP_WITHIN_GMP' [-Wunused-command-line-argument]
clang-11: warning: argument unused during compilation: '-D OPERATION_and_n' [-Wunused-command-line-argument]
clang-11: warning: argument unused during compilation: '-D PIC' [-Wunused-command-line-argument]
clang-11: warning: argument unused during compilation: '-D PIC' [-Wunused-command-line-argument]
clang-11: warning: argument unused during compilation: '-D HAVE_CONFIG_H' [-Wunused-command-line-argument]
clang-11: warning: argument unused during compilation: '-D __GMP_WITHIN_GMP' [-Wunused-command-line-argument]
clang-11: warning: argument unused during compilation: '-D OPERATION_andn_n' [-Wunused-command-line-argument]
clang-11: warning: argument unused during compilation: '-D PIC' [-Wunused-command-line-argument]
clang-11: warning: argument unused during compilation: '-D PIC' [-Wunused-command-line-argument]
clang-11: warning: argument unused during compilation: '-D HAVE_CONFIG_H' [-Wunused-command-line-argument]
clang-11: warning: argument unused during compilation: '-D __GMP_WITHIN_GMP' [-Wunused-command-line-argument]
clang-11: warning: argument unused during compilation: '-D OPERATION_nand_n' [-Wunused-command-line-argument]
clang-11: warning: argument unused during compilation: '-D PIC' [-Wunused-command-line-argument]
clang-11: warning: argument unused during compilation: '-D PIC' [-Wunused-command-line-argument]
clang-11: warning: argument unused during compilation: '-D HAVE_CONFIG_H' [-Wunused-command-line-argument]
clang-11: warning: argument unused during compilation: '-D __GMP_WITHIN_GMP' [-Wunused-command-line-argument]
clang-11: warning: argument unused during compilation: '-D OPERATION_ior_n' [-Wunused-command-line-argument]
clang-11: warning: argument unused during compilation: '-D PIC' [-Wunused-command-line-argument]
clang-11: warning: argument unused during compilation: '-D PIC' [-Wunused-command-line-argument]
clang-11: warning: argument unused during compilation: '-D HAVE_CONFIG_H' [-Wunused-command-line-argument]
clang-11: warning: argument unused during compilation: '-D __GMP_WITHIN_GMP' [-Wunused-command-line-argument]
clang-11: warning: argument unused during compilation: '-D OPERATION_iorn_n' [-Wunused-command-line-argument]
clang-11: warning: argument unused during compilation: '-D PIC' [-Wunused-command-line-argument]
clang-11: warning: argument unused during compilation: '-D PIC' [-Wunused-command-line-argument]
clang-11: warning: argument unused during compilation: '-D HAVE_CONFIG_H' [-Wunused-command-line-argument]
clang-11: warning: argument unused during compilation: '-D __GMP_WITHIN_GMP' [-Wunused-command-line-argument]
clang-11: warning: argument unused during compilation: '-D OPERATION_nior_n' [-Wunused-command-line-argument]
clang-11: warning: argument unused during compilation: '-D PIC' [-Wunused-command-line-argument]
clang-11: warning: argument unused during compilation: '-D PIC' [-Wunused-command-line-argument]
clang-11: warning: argument unused during compilation: '-D HAVE_CONFIG_H' [-Wunused-command-line-argument]
clang-11: warning: argument unused during compilation: '-D __GMP_WITHIN_GMP' [-Wunused-command-line-argument]
clang-11: warning: argument unused during compilation: '-D OPERATION_xor_n' [-Wunused-command-line-argument]
clang-11: warning: argument unused during compilation: '-D PIC' [-Wunused-command-line-argument]
clang-11: warning: argument unused during compilation: '-D PIC' [-Wunused-command-line-argument]
clang-11: warning: argument unused during compilation: '-D HAVE_CONFIG_H' [-Wunused-command-line-argument]
clang-11: warning: argument unused during compilation: '-D __GMP_WITHIN_GMP' [-Wunused-command-line-argument]
clang-11: warning: argument unused during compilation: '-D OPERATION_xnor_n' [-Wunused-command-line-argument]
clang-11: warning: argument unused during compilation: '-D PIC' [-Wunused-command-line-argument]
clang-11: warning: argument unused during compilation: '-D PIC' [-Wunused-command-line-argument]
clang-11: warning: argument unused during compilation: '-D HAVE_CONFIG_H' [-Wunused-command-line-argument]
clang-11: warning: argument unused during compilation: '-D __GMP_WITHIN_GMP' [-Wunused-command-line-argument]
clang-11: warning: argument unused during compilation: '-D OPERATION_copyi' [-Wunused-command-line-argument]
clang-11: warning: argument unused during compilation: '-D PIC' [-Wunused-command-line-argument]
clang-11: warning: argument unused during compilation: '-D PIC' [-Wunused-command-line-argument]
clang-11: warning: argument unused during compilation: '-D HAVE_CONFIG_H' [-Wunused-command-line-argument]
clang-11: warning: argument unused during compilation: '-D __GMP_WITHIN_GMP' [-Wunused-command-line-argument]
clang-11: warning: argument unused during compilation: '-D OPERATION_copyd' [-Wunused-command-line-argument]
clang-11: warning: argument unused during compilation: '-D PIC' [-Wunused-command-line-argument]
clang-11: warning: argument unused during compilation: '-D PIC' [-Wunused-command-line-argument]
clang-11: warning: argument unused during compilation: '-D HAVE_CONFIG_H' [-Wunused-command-line-argument]
clang-11: warning: argument unused during compilation: '-D __GMP_WITHIN_GMP' [-Wunused-command-line-argument]
clang-11: warning: argument unused during compilation: '-D OPERATION_sec_tabselect' [-Wunused-command-line-argument]
clang-11: warning: argument unused during compilation: '-D PIC' [-Wunused-command-line-argument]
clang-11: warning: argument unused during compilation: '-D PIC' [-Wunused-command-line-argument]
clang-11: warning: argument unused during compilation: '-D HAVE_CONFIG_H' [-Wunused-command-line-argument]
clang-11: warning: argument unused during compilation: '-D __GMP_WITHIN_GMP' [-Wunused-command-line-argument]
clang-11: warning: argument unused during compilation: '-D OPERATION_invert_limb' [-Wunused-command-line-argument]
clang-11: warning: argument unused during compilation: '-D PIC' [-Wunused-command-line-argument]
clang-11: warning: argument unused during compilation: '-D PIC' [-Wunused-command-line-argument]
clang-11: warning: argument unused during compilation: '-D HAVE_CONFIG_H' [-Wunused-command-line-argument]
clang-11: warning: argument unused during compilation: '-D __GMP_WITHIN_GMP' [-Wunused-command-line-argument]
clang-11: warning: argument unused during compilation: '-D OPERATION_sqr_diag_addlsh1' [-Wunused-command-line-argument]
clang-11: warning: argument unused during compilation: '-D PIC' [-Wunused-command-line-argument]
clang-11: warning: argument unused during compilation: '-D PIC' [-Wunused-command-line-argument]
clang-11: warning: argument unused during compilation: '-D HAVE_CONFIG_H' [-Wunused-command-line-argument]
clang-11: warning: argument unused during compilation: '-D __GMP_WITHIN_GMP' [-Wunused-command-line-argument]
clang-11: warning: argument unused during compilation: '-D OPERATION_mul_2' [-Wunused-command-line-argument]
clang-11: warning: argument unused during compilation: '-D PIC' [-Wunused-command-line-argument]
clang-11: warning: argument unused during compilation: '-D PIC' [-Wunused-command-line-argument]
clang-11: warning: argument unused during compilation: '-D HAVE_CONFIG_H' [-Wunused-command-line-argument]
clang-11: warning: argument unused during compilation: '-D __GMP_WITHIN_GMP' [-Wunused-command-line-argument]
clang-11: warning: argument unused during compilation: '-D OPERATION_addmul_2' [-Wunused-command-line-argument]
clang-11: warning: argument unused during compilation: '-D PIC' [-Wunused-command-line-argument]
clang-11: warning: argument unused during compilation: '-D PIC' [-Wunused-command-line-argument]
clang-11: warning: argument unused during compilation: '-D HAVE_CONFIG_H' [-Wunused-command-line-argument]
clang-11: warning: argument unused during compilation: '-D __GMP_WITHIN_GMP' [-Wunused-command-line-argument]
clang-11: warning: argument unused during compilation: '-D OPERATION_sublsh1_n' [-Wunused-command-line-argument]
clang-11: warning: argument unused during compilation: '-D PIC' [-Wunused-command-line-argument]
clang-11: warning: argument unused during compilation: '-D PIC' [-Wunused-command-line-argument]
clang-11: warning: argument unused during compilation: '-D HAVE_CONFIG_H' [-Wunused-command-line-argument]
clang-11: warning: argument unused during compilation: '-D __GMP_WITHIN_GMP' [-Wunused-command-line-argument]
clang-11: warning: argument unused during compilation: '-D OPERATION_addlsh1_n' [-Wunused-command-line-argument]
clang-11: warning: argument unused during compilation: '-D PIC' [-Wunused-command-line-argument]
clang-11: warning: argument unused during compilation: '-D PIC' [-Wunused-command-line-argument]
clang-11: warning: argument unused during compilation: '-D HAVE_CONFIG_H' [-Wunused-command-line-argument]
clang-11: warning: argument unused during compilation: '-D __GMP_WITHIN_GMP' [-Wunused-command-line-argument]
clang-11: warning: argument unused during compilation: '-D OPERATION_rsblsh1_n' [-Wunused-command-line-argument]
clang-11: warning: argument unused during compilation: '-D PIC' [-Wunused-command-line-argument]
clang-11: warning: argument unused during compilation: '-D PIC' [-Wunused-command-line-argument]
clang-11: warning: argument unused during compilation: '-D HAVE_CONFIG_H' [-Wunused-command-line-argument]
clang-11: warning: argument unused during compilation: '-D __GMP_WITHIN_GMP' [-Wunused-command-line-argument]
clang-11: warning: argument unused during compilation: '-D OPERATION_rsh1add_n' [-Wunused-command-line-argument]
clang-11: warning: argument unused during compilation: '-D PIC' [-Wunused-command-line-argument]
clang-11: warning: argument unused during compilation: '-D PIC' [-Wunused-command-line-argument]
clang-11: warning: argument unused during compilation: '-D HAVE_CONFIG_H' [-Wunused-command-line-argument]
clang-11: warning: argument unused during compilation: '-D __GMP_WITHIN_GMP' [-Wunused-command-line-argument]
clang-11: warning: argument unused during compilation: '-D OPERATION_addlsh2_n' [-Wunused-command-line-argument]
clang-11: warning: argument unused during compilation: '-D PIC' [-Wunused-command-line-argument]
clang-11: warning: argument unused during compilation: '-D PIC' [-Wunused-command-line-argument]
clang-11: warning: argument unused during compilation: '-D HAVE_CONFIG_H' [-Wunused-command-line-argument]
clang-11: warning: argument unused during compilation: '-D __GMP_WITHIN_GMP' [-Wunused-command-line-argument]
clang-11: warning: argument unused during compilation: '-D OPERATION_rsh1sub_n' [-Wunused-command-line-argument]
clang-11: warning: argument unused during compilation: '-D PIC' [-Wunused-command-line-argument]
clang-11: warning: argument unused during compilation: '-D PIC' [-Wunused-command-line-argument]
clang-11: warning: argument unused during compilation: '-D HAVE_CONFIG_H' [-Wunused-command-line-argument]
clang-11: warning: argument unused during compilation: '-D __GMP_WITHIN_GMP' [-Wunused-command-line-argument]
clang-11: warning: argument unused during compilation: '-D OPERATION_sublsh2_n' [-Wunused-command-line-argument]
clang-11: warning: argument unused during compilation: '-D PIC' [-Wunused-command-line-argument]
clang-11: warning: argument unused during compilation: '-D PIC' [-Wunused-command-line-argument]
clang-11: warning: argument unused during compilation: '-D HAVE_CONFIG_H' [-Wunused-command-line-argument]
clang-11: warning: argument unused during compilation: '-D __GMP_WITHIN_GMP' [-Wunused-command-line-argument]
clang-11: warning: argument unused during compilation: '-D OPERATION_rsblsh2_n' [-Wunused-command-line-argument]
clang-11: warning: argument unused during compilation: '-D PIC' [-Wunused-command-line-argument]
clang-11: warning: argument unused during compilation: '-D PIC' [-Wunused-command-line-argument]
clang-11: warning: argument unused during compilation: '-D HAVE_CONFIG_H' [-Wunused-command-line-argument]
clang-11: warning: argument unused during compilation: '-D __GMP_WITHIN_GMP' [-Wunused-command-line-argument]
clang-11: warning: argument unused during compilation: '-D OPERATION_addlsh_n' [-Wunused-command-line-argument]
clang-11: warning: argument unused during compilation: '-D PIC' [-Wunused-command-line-argument]
clang-11: warning: argument unused during compilation: '-D PIC' [-Wunused-command-line-argument]
clang-11: warning: argument unused during compilation: '-D HAVE_CONFIG_H' [-Wunused-command-line-argument]
clang-11: warning: argument unused during compilation: '-D __GMP_WITHIN_GMP' [-Wunused-command-line-argument]
clang-11: warning: argument unused during compilation: '-D OPERATION_rsblsh_n' [-Wunused-command-line-argument]
clang-11: warning: argument unused during compilation: '-D PIC' [-Wunused-command-line-argument]
clang-11: warning: argument unused during compilation: '-D PIC' [-Wunused-command-line-argument]
clang-11: warning: argument unused during compilation: '-D HAVE_CONFIG_H' [-Wunused-command-line-argument]
clang-11: warning: argument unused during compilation: '-D __GMP_WITHIN_GMP' [-Wunused-command-line-argument]
clang-11: warning: argument unused during compilation: '-D OPERATION_addaddmul_1msb0' [-Wunused-command-line-argument]
clang-11: warning: argument unused during compilation: '-D PIC' [-Wunused-command-line-argument]
clang-11: warning: argument unused during compilation: '-D PIC' [-Wunused-command-line-argument]
